<?xml version="1.0" encoding="UTF-8"?>
<!-- Generated by org.testng.reporters.JUnitXMLReporter -->
<testsuite ignored="0" hostname="LAPTOP-16OTC00O" failures="0" tests="10" name="Default test" time="131.395" errors="0" timestamp="2022-01-18T13:34:56 IST">
  <testcase classname="runner.WebApp" name="test1" time="0.611"/>
  <testcase classname="runner.WebApp" name="test2" time="1.013"/>
  <testcase classname="runner.WebApp" name="test3" time="0.327"/>
  <testcase classname="runner.WebApp" name="test4" time="1.12"/>
  <testcase classname="runner.WebApp" name="test5" time="3.047"/>
  <testcase classname="runner.WebApp" name="test6" time="10.909"/>
  <testcase classname="runner.WebApp" name="test7" time="14.453"/>
  <testcase classname="runner.WebApp" name="test8" time="28.332"/>
  <testcase classname="runner.WebApp" name="test9" time="22.428"/>
  <testcase classname="runner.WebApp" name="test10" time="7.189"/>
</testsuite> <!-- Default test -->
