<?xml version="1.0" encoding="UTF-8"?>
<!-- Generated by org.testng.reporters.JUnitXMLReporter -->
<testsuite ignored="0" hostname="LAPTOP-16OTC00O" failures="0" tests="10" name="Default test" time="193.77" errors="0" timestamp="2022-01-21T12:42:02 IST">
  <testcase classname="runner.WebApp" name="test1" time="0.431"/>
  <testcase classname="runner.WebApp" name="test2" time="0.751"/>
  <testcase classname="runner.WebApp" name="test3" time="0.237"/>
  <testcase classname="runner.WebApp" name="test4" time="1.444"/>
  <testcase classname="runner.WebApp" name="test5" time="6.678"/>
  <testcase classname="runner.WebApp" name="test6" time="10.776"/>
  <testcase classname="runner.WebApp" name="test7" time="41.874"/>
  <testcase classname="runner.WebApp" name="test8" time="27.657"/>
  <testcase classname="runner.WebApp" name="test9" time="29.32"/>
  <testcase classname="runner.WebApp" name="test10" time="6.965"/>
</testsuite> <!-- Default test -->
